Sun Mar 2 04:07:14 PM MSK 2025 The server was unable to locate or access the page or website. This issue originates from the site's end
Sun Mar 2 04:09:17 PM MSK 2025 The server was unable to locate or access the page or website. This issue originates from the site's end
401 Sun Mar 2 04:18:49 PM MSK 2025 The server was unable to locate or access the page or website. This issue originates from the site's end
401 Sun Mar 2 04:21:55 PM MSK 2025 The server was unable to locate or access the page or website. This issue originates from the site's end
501 Sun Mar 2 04:22:29 PM MSK 2025 The client submitted a valid request, but the server was unable to fullfill it
000 The monitoring Server is not available
000 Sun Mar 2 07:01:33 PM MSK 2025 The monitoring Server is not available
000 Sun Mar 2 07:01:49 PM MSK 2025 The monitoring Server is not available
000 Sun Mar 2 07:10:34 PM MSK 2025 The monitoring Server is not available
000 Sun Mar 2 07:11:34 PM MSK 2025 The monitoring Server is not available
000 Sun Mar 2 07:12:34 PM MSK 2025 The monitoring Server is not available
Sun Mar 2 07:15:14 PM MSK 2025 The process was reloaded
2959 Sun Mar 2 07:22:14 PM MSK 2025 The process was reloaded
000 Sun Mar 2 07:22:14 PM MSK 2025 The monitoring Server is not available
000 Sun Mar 2 07:23:14 PM MSK 2025 The monitoring Server is not available
000 Sun Mar 2 07:24:14 PM MSK 2025 The monitoring Server is not available
000 Sun Mar 2 07:25:14 PM MSK 2025 The monitoring Server is not available
000 Sun Mar 2 07:26:14 PM MSK 2025 The monitoring Server is not available
000 Sun Mar 2 07:27:14 PM MSK 2025 The monitoring Server is not available
000 Sun Mar 2 07:28:14 PM MSK 2025 The monitoring Server is not available
000 Sun Mar 2 07:29:14 PM MSK 2025 The monitoring Server is not available
000 Sun Mar 2 07:30:14 PM MSK 2025 The monitoring Server is not available
000 Sun Mar 2 07:31:14 PM MSK 2025 The monitoring Server is not available
000 Sun Mar 2 07:32:14 PM MSK 2025 The monitoring Server is not available
000 Sun Mar 2 07:33:14 PM MSK 2025 The monitoring Server is not available
000 Sun Mar 2 07:34:14 PM MSK 2025 The monitoring Server is not available
000 Sun Mar 2 07:35:15 PM MSK 2025 The monitoring Server is not available
000 Sun Mar 2 07:36:15 PM MSK 2025 The monitoring Server is not available
000 Sun Mar 2 07:37:15 PM MSK 2025 The monitoring Server is not available
000 Sun Mar 2 07:38:15 PM MSK 2025 The monitoring Server is not available
000 Sun Mar 2 07:39:15 PM MSK 2025 The monitoring Server is not available
000 Sun Mar 2 07:40:15 PM MSK 2025 The monitoring Server is not available
000 Sun Mar 2 07:41:15 PM MSK 2025 The monitoring Server is not available
000 Sun Mar 2 07:42:15 PM MSK 2025 The monitoring Server is not available
000 Sun Mar 2 07:43:15 PM MSK 2025 The monitoring Server is not available
000 Sun Mar 2 07:44:15 PM MSK 2025 The monitoring Server is not available
000 Sun Mar 2 07:45:15 PM MSK 2025 The monitoring Server is not available
000 Sun Mar 2 07:46:15 PM MSK 2025 The monitoring Server is not available
000 Sun Mar 2 07:47:15 PM MSK 2025 The monitoring Server is not available
000 Sun Mar 2 07:48:15 PM MSK 2025 The monitoring Server is not available
000 Sun Mar 2 07:49:15 PM MSK 2025 The monitoring Server is not available
000 Sun Mar 2 07:50:15 PM MSK 2025 The monitoring Server is not available
000 Sun Mar 2 07:51:15 PM MSK 2025 The monitoring Server is not available
000 Sun Mar 2 07:52:15 PM MSK 2025 The monitoring Server is not available
000 Sun Mar 2 07:53:15 PM MSK 2025 The monitoring Server is not available
000 Sun Mar 2 07:54:16 PM MSK 2025 The monitoring Server is not available
000 Sun Mar 2 07:55:16 PM MSK 2025 The monitoring Server is not available
000 Sun Mar 2 07:56:16 PM MSK 2025 The monitoring Server is not available
000 Sun Mar 2 07:57:16 PM MSK 2025 The monitoring Server is not available
000 Sun Mar 2 07:58:16 PM MSK 2025 The monitoring Server is not available
000 Sun Mar 2 07:59:16 PM MSK 2025 The monitoring Server is not available
000 Sun Mar 2 08:00:16 PM MSK 2025 The monitoring Server is not available
000 Sun Mar 2 08:01:16 PM MSK 2025 The monitoring Server is not available
000 Sun Mar 2 08:02:16 PM MSK 2025 The monitoring Server is not available
000 Sun Mar 2 08:03:16 PM MSK 2025 The monitoring Server is not available
000 Sun Mar 2 08:04:16 PM MSK 2025 The monitoring Server is not available
000 Sun Mar 2 08:05:16 PM MSK 2025 The monitoring Server is not available
000 Sun Mar 2 08:06:16 PM MSK 2025 The monitoring Server is not available
000 Sun Mar 2 08:07:16 PM MSK 2025 The monitoring Server is not available
000 Sun Mar 2 08:08:16 PM MSK 2025 The monitoring Server is not available
000 Sun Mar 2 08:09:16 PM MSK 2025 The monitoring Server is not available
000 Sun Mar 2 08:10:16 PM MSK 2025 The monitoring Server is not available
Sun Mar 2 08:11:16 PM MSK 2025 The process was reloaded
000 Sun Mar 2 08:11:16 PM MSK 2025 The monitoring Server is not available
000 Sun Mar 2 08:12:16 PM MSK 2025 The monitoring Server is not available
000 Sun Mar 2 08:13:16 PM MSK 2025 The monitoring Server is not available
000 Sun Mar 2 08:14:16 PM MSK 2025 The monitoring Server is not available
000 Sun Mar 2 08:15:16 PM MSK 2025 The monitoring Server is not available
000 Sun Mar 2 08:16:16 PM MSK 2025 The monitoring Server is not available
000 Sun Mar 2 08:17:16 PM MSK 2025 The monitoring Server is not available
000 Sun Mar 2 08:18:16 PM MSK 2025 The monitoring Server is not available
000 Sun Mar 2 08:19:17 PM MSK 2025 The monitoring Server is not available
000 Sun Mar 2 08:20:17 PM MSK 2025 The monitoring Server is not available
000 Sun Mar 2 08:21:17 PM MSK 2025 The monitoring Server is not available
000 Sun Mar 2 08:22:17 PM MSK 2025 The monitoring Server is not available
000 Sun Mar 2 08:23:17 PM MSK 2025 The monitoring Server is not available
000 Sun Mar 2 08:24:17 PM MSK 2025 The monitoring Server is not available
000 Sun Mar 2 08:25:17 PM MSK 2025 The monitoring Server is not available
000 Sun Mar 2 08:26:17 PM MSK 2025 The monitoring Server is not available
000 Sun Mar 2 08:27:17 PM MSK 2025 The monitoring Server is not available
000 Sun Mar 2 08:28:17 PM MSK 2025 The monitoring Server is not available
000 Sun Mar 2 08:29:17 PM MSK 2025 The monitoring Server is not available
000 Sun Mar 2 08:30:17 PM MSK 2025 The monitoring Server is not available
000 Sun Mar 2 08:31:17 PM MSK 2025 The monitoring Server is not available
000 Sun Mar 2 08:32:17 PM MSK 2025 The monitoring Server is not available
000 Sun Mar 2 08:33:17 PM MSK 2025 The monitoring Server is not available
000 Sun Mar 2 08:34:17 PM MSK 2025 The monitoring Server is not available
000 Sun Mar 2 08:35:17 PM MSK 2025 The monitoring Server is not available
000 Sun Mar 2 08:36:17 PM MSK 2025 The monitoring Server is not available
000 Sun Mar 2 08:37:17 PM MSK 2025 The monitoring Server is not available
000 Sun Mar 2 08:38:17 PM MSK 2025 The monitoring Server is not available
000 Sun Mar 2 08:39:17 PM MSK 2025 The monitoring Server is not available
000 Sun Mar 2 08:40:17 PM MSK 2025 The monitoring Server is not available
000 Sun Mar 2 08:41:17 PM MSK 2025 The monitoring Server is not available
000 Sun Mar 2 08:42:17 PM MSK 2025 The monitoring Server is not available
000 Sun Mar 2 08:43:17 PM MSK 2025 The monitoring Server is not available
000 Sun Mar 2 08:44:17 PM MSK 2025 The monitoring Server is not available
000 Sun Mar 2 08:45:17 PM MSK 2025 The monitoring Server is not available
000 Sun Mar 2 08:46:17 PM MSK 2025 The monitoring Server is not available
000 Sun Mar 2 08:47:17 PM MSK 2025 The monitoring Server is not available
000 Sun Mar 2 08:48:17 PM MSK 2025 The monitoring Server is not available
000 Sun Mar 2 08:49:17 PM MSK 2025 The monitoring Server is not available
000 Sun Mar 2 08:50:17 PM MSK 2025 The monitoring Server is not available
000 Sun Mar 2 08:51:17 PM MSK 2025 The monitoring Server is not available
000 Sun Mar 2 08:52:17 PM MSK 2025 The monitoring Server is not available
000 Sun Mar 2 08:53:17 PM MSK 2025 The monitoring Server is not available
000 Sun Mar 2 08:54:17 PM MSK 2025 The monitoring Server is not available
000 Sun Mar 2 08:55:17 PM MSK 2025 The monitoring Server is not available
000 Sun Mar 2 08:56:17 PM MSK 2025 The monitoring Server is not available
000 Sun Mar 2 08:57:17 PM MSK 2025 The monitoring Server is not available
000 Sun Mar 2 08:58:17 PM MSK 2025 The monitoring Server is not available
000 Sun Mar 2 08:59:17 PM MSK 2025 The monitoring Server is not available
000 Sun Mar 2 09:00:17 PM MSK 2025 The monitoring Server is not available
000 Sun Mar 2 09:01:17 PM MSK 2025 The monitoring Server is not available
000 Sun Mar 2 09:02:17 PM MSK 2025 The monitoring Server is not available
000 Sun Mar 2 09:03:17 PM MSK 2025 The monitoring Server is not available
000 Sun Mar 2 09:04:17 PM MSK 2025 The monitoring Server is not available
000 Sun Mar 2 09:05:17 PM MSK 2025 The monitoring Server is not available
000 Sun Mar 2 09:06:17 PM MSK 2025 The monitoring Server is not available
000 Sun Mar 2 09:07:17 PM MSK 2025 The monitoring Server is not available
000 Sun Mar 2 09:08:17 PM MSK 2025 The monitoring Server is not available
000 Sun Mar 2 09:09:17 PM MSK 2025 The monitoring Server is not available
000 Sun Mar 2 09:10:17 PM MSK 2025 The monitoring Server is not available
000 Sun Mar 2 09:11:17 PM MSK 2025 The monitoring Server is not available
000 Sun Mar 2 09:12:17 PM MSK 2025 The monitoring Server is not available
000 Sun Mar 2 09:13:17 PM MSK 2025 The monitoring Server is not available
000 Sun Mar 2 09:14:17 PM MSK 2025 The monitoring Server is not available
000 Sun Mar 2 09:15:17 PM MSK 2025 The monitoring Server is not available
000 Sun Mar 2 09:16:17 PM MSK 2025 The monitoring Server is not available
000 Sun Mar 2 09:17:17 PM MSK 2025 The monitoring Server is not available
000 Sun Mar 2 09:18:17 PM MSK 2025 The monitoring Server is not available
000 Sun Mar 2 09:19:17 PM MSK 2025 The monitoring Server is not available
000 Sun Mar 2 09:20:17 PM MSK 2025 The monitoring Server is not available
000 Sun Mar 2 09:21:17 PM MSK 2025 The monitoring Server is not available
000 Sun Mar 2 09:22:17 PM MSK 2025 The monitoring Server is not available
000 Sun Mar 2 09:23:17 PM MSK 2025 The monitoring Server is not available
000 Sun Mar 2 09:24:17 PM MSK 2025 The monitoring Server is not available
000 Sun Mar 2 09:25:17 PM MSK 2025 The monitoring Server is not available
000 Sun Mar 2 09:26:17 PM MSK 2025 The monitoring Server is not available
000 Sun Mar 2 09:27:17 PM MSK 2025 The monitoring Server is not available
000 Sun Mar 2 09:28:17 PM MSK 2025 The monitoring Server is not available
000 Sun Mar 2 09:29:17 PM MSK 2025 The monitoring Server is not available
000 Sun Mar 2 09:30:17 PM MSK 2025 The monitoring Server is not available
000 Sun Mar 2 09:31:17 PM MSK 2025 The monitoring Server is not available
000 Sun Mar 2 09:32:17 PM MSK 2025 The monitoring Server is not available
000 Sun Mar 2 09:33:17 PM MSK 2025 The monitoring Server is not available
000 Sun Mar 2 09:34:17 PM MSK 2025 The monitoring Server is not available
000 Sun Mar 2 09:35:17 PM MSK 2025 The monitoring Server is not available
000 Sun Mar 2 09:36:18 PM MSK 2025 The monitoring Server is not available
000 Sun Mar 2 09:37:18 PM MSK 2025 The monitoring Server is not available
000 Sun Mar 2 09:38:18 PM MSK 2025 The monitoring Server is not available
000 Sun Mar 2 09:39:18 PM MSK 2025 The monitoring Server is not available
000 Sun Mar 2 09:40:18 PM MSK 2025 The monitoring Server is not available
000 Sun Mar 2 09:41:18 PM MSK 2025 The monitoring Server is not available
000 Sun Mar 2 09:42:18 PM MSK 2025 The monitoring Server is not available
000 Sun Mar 2 09:43:18 PM MSK 2025 The monitoring Server is not available
000 Sun Mar 2 09:44:18 PM MSK 2025 The monitoring Server is not available
000 Sun Mar 2 09:45:18 PM MSK 2025 The monitoring Server is not available
000 Sun Mar 2 09:46:18 PM MSK 2025 The monitoring Server is not available
000 Sun Mar 2 09:47:18 PM MSK 2025 The monitoring Server is not available
000 Sun Mar 2 09:48:18 PM MSK 2025 The monitoring Server is not available
000 Sun Mar 2 09:49:18 PM MSK 2025 The monitoring Server is not available
000 Sun Mar 2 09:50:18 PM MSK 2025 The monitoring Server is not available
000 Sun Mar 2 09:51:18 PM MSK 2025 The monitoring Server is not available
000 Sun Mar 2 09:52:18 PM MSK 2025 The monitoring Server is not available
000 Sun Mar 2 09:53:18 PM MSK 2025 The monitoring Server is not available
000 Sun Mar 2 09:54:18 PM MSK 2025 The monitoring Server is not available
000 Sun Mar 2 09:55:18 PM MSK 2025 The monitoring Server is not available
000 Sun Mar 2 09:56:18 PM MSK 2025 The monitoring Server is not available
000 Sun Mar 2 09:57:18 PM MSK 2025 The monitoring Server is not available
000 Sun Mar 2 09:58:18 PM MSK 2025 The monitoring Server is not available
000 Sun Mar 2 09:59:18 PM MSK 2025 The monitoring Server is not available
000 Sun Mar 2 10:00:18 PM MSK 2025 The monitoring Server is not available
000 Sun Mar 2 10:01:18 PM MSK 2025 The monitoring Server is not available
000 Sun Mar 2 10:02:18 PM MSK 2025 The monitoring Server is not available
000 Sun Mar 2 10:03:18 PM MSK 2025 The monitoring Server is not available
000 Sun Mar 2 10:04:18 PM MSK 2025 The monitoring Server is not available
000 Sun Mar 2 10:05:18 PM MSK 2025 The monitoring Server is not available
000 Sun Mar 2 10:06:18 PM MSK 2025 The monitoring Server is not available
000 Sun Mar 2 10:07:18 PM MSK 2025 The monitoring Server is not available
000 Sun Mar 2 10:08:18 PM MSK 2025 The monitoring Server is not available
000 Sun Mar 2 10:09:18 PM MSK 2025 The monitoring Server is not available
000 Sun Mar 2 10:10:18 PM MSK 2025 The monitoring Server is not available
000 Sun Mar 2 10:11:18 PM MSK 2025 The monitoring Server is not available
000 Sun Mar 2 10:12:18 PM MSK 2025 The monitoring Server is not available
000 Sun Mar 2 10:13:18 PM MSK 2025 The monitoring Server is not available
000 Sun Mar 2 10:14:18 PM MSK 2025 The monitoring Server is not available
000 Sun Mar 2 10:15:18 PM MSK 2025 The monitoring Server is not available
000 Sun Mar 2 10:16:18 PM MSK 2025 The monitoring Server is not available
000 Sun Mar 2 10:17:18 PM MSK 2025 The monitoring Server is not available
000 Sun Mar 2 10:18:18 PM MSK 2025 The monitoring Server is not available
000 Sun Mar 2 10:19:18 PM MSK 2025 The monitoring Server is not available
000 Sun Mar 2 10:20:18 PM MSK 2025 The monitoring Server is not available
000 Sun Mar 2 10:21:18 PM MSK 2025 The monitoring Server is not available
000 Sun Mar 2 10:22:18 PM MSK 2025 The monitoring Server is not available
000 Sun Mar 2 10:23:18 PM MSK 2025 The monitoring Server is not available
000 Sun Mar 2 10:24:18 PM MSK 2025 The monitoring Server is not available
000 Sun Mar 2 10:25:18 PM MSK 2025 The monitoring Server is not available
000 Sun Mar 2 10:26:18 PM MSK 2025 The monitoring Server is not available
000 Sun Mar 2 10:27:18 PM MSK 2025 The monitoring Server is not available
000 Sun Mar 2 10:28:18 PM MSK 2025 The monitoring Server is not available
000 Sun Mar 2 10:29:18 PM MSK 2025 The monitoring Server is not available
000 Sun Mar 2 10:30:18 PM MSK 2025 The monitoring Server is not available
000 Sun Mar 2 10:31:18 PM MSK 2025 The monitoring Server is not available
000 Sun Mar 2 10:32:18 PM MSK 2025 The monitoring Server is not available
000 Sun Mar 2 10:33:18 PM MSK 2025 The monitoring Server is not available
000 Sun Mar 2 10:34:18 PM MSK 2025 The monitoring Server is not available
000 Sun Mar 2 10:35:18 PM MSK 2025 The monitoring Server is not available
000 Sun Mar 2 10:36:18 PM MSK 2025 The monitoring Server is not available
000 Sun Mar 2 10:37:18 PM MSK 2025 The monitoring Server is not available
000 Sun Mar 2 10:38:18 PM MSK 2025 The monitoring Server is not available
000 Sun Mar 2 10:39:18 PM MSK 2025 The monitoring Server is not available
000 Sun Mar 2 10:40:18 PM MSK 2025 The monitoring Server is not available
000 Sun Mar 2 10:41:18 PM MSK 2025 The monitoring Server is not available
000 Sun Mar 2 10:42:18 PM MSK 2025 The monitoring Server is not available
000 Sun Mar 2 10:43:18 PM MSK 2025 The monitoring Server is not available
000 Sun Mar 2 10:44:18 PM MSK 2025 The monitoring Server is not available
000 Sun Mar 2 10:45:18 PM MSK 2025 The monitoring Server is not available
000 Sun Mar 2 10:46:18 PM MSK 2025 The monitoring Server is not available
000 Sun Mar 2 10:47:18 PM MSK 2025 The monitoring Server is not available
000 Sun Mar 2 10:48:18 PM MSK 2025 The monitoring Server is not available
000 Sun Mar 2 10:49:18 PM MSK 2025 The monitoring Server is not available
000 Sun Mar 2 10:50:18 PM MSK 2025 The monitoring Server is not available
000 Sun Mar 2 10:51:18 PM MSK 2025 The monitoring Server is not available
000 Sun Mar 2 10:52:19 PM MSK 2025 The monitoring Server is not available
000 Sun Mar 2 10:53:19 PM MSK 2025 The monitoring Server is not available
